[INFO] Scanning for projects...
[INFO]
[INFO] ---------------------< com.project:Project-Portal >---------------------
[INFO] Building Project-Portal 0.0.1-SNAPSHOT
[INFO]   from pom.xml
[INFO] --------------------------------[ jar ]---------------------------------
[INFO]
[INFO] >>> spring-boot:3.5.7:run (default-cli) > test-compile @ Project-Portal >>>
[INFO]
[INFO] --- resources:3.3.1:resources (default-resources) @ Project-Portal ---
[INFO] Copying 3 resources from src/main/resources to target/classes
[INFO] Copying 7 resources from src/main/resources to target/classes
[INFO]
[INFO] --- compiler:3.14.1:compile (default-compile) @ Project-Portal ---
[INFO] Nothing to compile - all classes are up to date.
[INFO]
[INFO] --- resources:3.3.1:testResources (default-testResources) @ Project-Portal ---
[INFO] Copying 1 resource from src/test/resources to target/test-classes
[INFO]
[INFO] --- compiler:3.14.1:testCompile (default-testCompile) @ Project-Portal ---
[INFO] Nothing to compile - all classes are up to date.
[INFO]
[INFO] <<< spring-boot:3.5.7:run (default-cli) < test-compile @ Project-Portal <<<
[INFO]
[INFO]
[INFO] --- spring-boot:3.5.7:run (default-cli) @ Project-Portal ---
[INFO] Attaching agents: []

  .   ____          _            __ _ _
 /\\ / ___'_ __ _ _(_)_ __  __ _ \ \ \ \
( ( )\___ | '_ | '_| | '_ \/ _` | \ \ \ \
 \\/  ___)| |_)| | | | | || (_| |  ) ) ) )
  '  |____| .__|_| |_|_| |_\__, | / / / /
 =========|_|==============|___/=/_/_/_/

 :: Spring Boot ::                (v3.5.7)

2025-12-26T18:32:41.056Z  INFO 10656 --- [Project-Portal] [           main] c.p.p.ProjectPortalApplication           : Starting ProjectPortalApplication using Java 21.0.8 with PID 10656 (/app/target/classes started by jules in /app)
2025-12-26T18:32:41.059Z  INFO 10656 --- [Project-Portal] [           main] c.p.p.ProjectPortalApplication           : The following 1 profile is active: "dev"
2025-12-26T18:32:41.813Z  INFO 10656 --- [Project-Portal] [           main] .s.d.r.c.RepositoryConfigurationDelegate : Bootstrapping Spring Data R2DBC repositories in DEFAULT mode.
2025-12-26T18:32:41.976Z  INFO 10656 --- [Project-Portal] [           main] .s.d.r.c.RepositoryConfigurationDelegate : Finished Spring Data repository scanning in 156 ms. Found 8 R2DBC repository interfaces.
2025-12-26T18:32:43.254Z  INFO 10656 --- [Project-Portal] [           main] o.s.v.b.OptionalValidatorFactoryBean     : Failed to set up a Bean Validation provider: jakarta.validation.NoProviderFoundException: Unable to create a Configuration, because no Jakarta Validation provider could be found. Add a provider like Hibernate Validator (RI) to your classpath.
2025-12-26T18:32:44.040Z  INFO 10656 --- [Project-Portal] [           main] org.flywaydb.core.FlywayExecutor         : Database: jdbc:postgresql://localhost:5432/learning_db (PostgreSQL 14.20)
2025-12-26T18:32:44.121Z  INFO 10656 --- [Project-Portal] [           main] o.f.core.internal.command.DbValidate     : Successfully validated 6 migrations (execution time 00:00.033s)
2025-12-26T18:32:44.167Z  INFO 10656 --- [Project-Portal] [           main] o.f.core.internal.command.DbMigrate      : Current version of schema "public": 6
2025-12-26T18:32:44.171Z  INFO 10656 --- [Project-Portal] [           main] o.f.core.internal.command.DbMigrate      : Schema "public" is up to date. No migration necessary.
2025-12-26T18:32:44.343Z  INFO 10656 --- [Project-Portal] [           main] o.s.b.web.embedded.netty.NettyWebServer  : Netty started on port 8080 (http)
2025-12-26T18:32:44.353Z  INFO 10656 --- [Project-Portal] [           main] c.p.p.ProjectPortalApplication           : Started ProjectPortalApplication in 3.79 seconds (process running for 4.135)
2025-12-26T18:33:19.629Z  INFO 10656 --- [Project-Portal] [or-http-epoll-3] c.p.p.filter.RequestLoggingFilter        : Incoming request: GET /api/users/user-1/badges
2025-12-26T18:33:19.629Z  INFO 10656 --- [Project-Portal] [or-http-epoll-2] c.p.p.filter.RequestLoggingFilter        : Incoming request: GET /api/topics
2025-12-26T18:33:20.131Z  INFO 10656 --- [Project-Portal] [or-http-epoll-2] c.p.p.filter.RequestLoggingFilter        : Response: GET /api/topics - Status: 200 - Duration: 504ms
2025-12-26T18:33:20.148Z  INFO 10656 --- [Project-Portal] [or-http-epoll-3] c.p.p.filter.RequestLoggingFilter        : Response: GET /api/users/user-1/badges - Status: 200 - Duration: 521ms
2025-12-26T18:33:20.250Z  INFO 10656 --- [Project-Portal] [or-http-epoll-4] c.p.p.filter.RequestLoggingFilter        : Incoming request: GET /api/topics
2025-12-26T18:33:20.250Z  INFO 10656 --- [Project-Portal] [or-http-epoll-1] c.p.p.filter.RequestLoggingFilter        : Incoming request: GET /api/users/user-1/badges
2025-12-26T18:33:20.286Z  INFO 10656 --- [Project-Portal] [or-http-epoll-4] c.p.p.filter.RequestLoggingFilter        : Response: GET /api/topics - Status: 200 - Duration: 37ms
2025-12-26T18:33:20.293Z  INFO 10656 --- [Project-Portal] [or-http-epoll-1] c.p.p.filter.RequestLoggingFilter        : Response: GET /api/users/user-1/badges - Status: 200 - Duration: 43ms
2025-12-26T18:34:47.427Z  INFO 10656 --- [Project-Portal] [or-http-epoll-2] c.p.p.filter.RequestLoggingFilter        : Incoming request: GET /api/topics
2025-12-26T18:34:47.431Z  INFO 10656 --- [Project-Portal] [or-http-epoll-3] c.p.p.filter.RequestLoggingFilter        : Incoming request: GET /api/users/user-1/badges
2025-12-26T18:34:47.439Z  INFO 10656 --- [Project-Portal] [or-http-epoll-2] c.p.p.filter.RequestLoggingFilter        : Response: GET /api/topics - Status: 200 - Duration: 12ms
2025-12-26T18:34:47.441Z  INFO 10656 --- [Project-Portal] [or-http-epoll-3] c.p.p.filter.RequestLoggingFilter        : Response: GET /api/users/user-1/badges - Status: 200 - Duration: 10ms
2025-12-26T18:34:47.459Z  INFO 10656 --- [Project-Portal] [or-http-epoll-1] c.p.p.filter.RequestLoggingFilter        : Incoming request: GET /api/topics
2025-12-26T18:34:47.461Z  INFO 10656 --- [Project-Portal] [or-http-epoll-4] c.p.p.filter.RequestLoggingFilter        : Incoming request: GET /api/users/user-1/badges
2025-12-26T18:34:47.468Z  INFO 10656 --- [Project-Portal] [or-http-epoll-1] c.p.p.filter.RequestLoggingFilter        : Response: GET /api/topics - Status: 200 - Duration: 9ms
2025-12-26T18:34:47.469Z  INFO 10656 --- [Project-Portal] [or-http-epoll-4] c.p.p.filter.RequestLoggingFilter        : Response: GET /api/users/user-1/badges - Status: 200 - Duration: 8ms
2025-12-26T18:34:47.546Z  INFO 10656 --- [Project-Portal] [or-http-epoll-2] c.p.p.filter.RequestLoggingFilter        : Incoming request: GET /api/topics/topic-java-101/quests
2025-12-26T18:34:47.570Z  INFO 10656 --- [Project-Portal] [or-http-epoll-2] c.p.p.filter.RequestLoggingFilter        : Response: GET /api/topics/topic-java-101/quests - Status: 200 - Duration: 24ms
2025-12-26T18:34:47.583Z  INFO 10656 --- [Project-Portal] [or-http-epoll-3] c.p.p.filter.RequestLoggingFilter        : Incoming request: GET /api/quests/quest-1/tasks
2025-12-26T18:34:47.583Z  INFO 10656 --- [Project-Portal] [or-http-epoll-4] c.p.p.filter.RequestLoggingFilter        : Incoming request: GET /api/quests/quest-2/tasks
2025-12-26T18:34:47.596Z  INFO 10656 --- [Project-Portal] [or-http-epoll-4] c.p.p.filter.RequestLoggingFilter        : Response: GET /api/quests/quest-2/tasks - Status: 200 - Duration: 14ms
2025-12-26T18:34:47.599Z  INFO 10656 --- [Project-Portal] [or-http-epoll-3] c.p.p.filter.RequestLoggingFilter        : Response: GET /api/quests/quest-1/tasks - Status: 200 - Duration: 17ms
